
 NX   Running target test for 3 projects:

- shared-models
- vlass-api
- vlass-web



> nx run vlass-api:test  [existing outputs match the cache, left as is]

[2m> [22mjest --passWithNoTests=true

[0m[7m[1m[32m PASS [39m[22m[27m[0m [0m[7m[37m vlass-api [39m[27m[0m [2msrc/app/viewer/[22m[1mviewer.controller.spec.ts[22m
[0m[7m[1m[32m PASS [39m[22m[27m[0m [0m[7m[37m vlass-api [39m[27m[0m [2msrc/app/auth/[22m[1mauth.controller.spec.ts[22m
[0m[7m[1m[32m PASS [39m[22m[27m[0m [0m[7m[37m vlass-api [39m[27m[0m [2msrc/app/[22m[1mapp.controller.spec.ts[22m
[0m[7m[1m[32m PASS [39m[22m[27m[0m [0m[7m[37m vlass-api [39m[27m[0m [2msrc/app/[22m[1mapp.service.spec.ts[22m
[32m[Nest] 37128  - [39m02/10/2026, 8:37:06 PM [32m    LOG[39m [38;5;3m[AppService] [39m[32mDatabase status: connected[39m
[32m[Nest] 37128  - [39m02/10/2026, 8:37:06 PM [32m    LOG[39m [38;5;3m[AppService] [39m[32mDatabase status: connected[39m
[0m[7m[1m[32m PASS [39m[22m[27m[0m [0m[7m[37m vlass-api [39m[27m[0m [2msrc/app/auth/[22m[1mauth.service.spec.ts[22m
[0m[7m[1m[32m PASS [39m[22m[27m[0m [0m[7m[37m vlass-api [39m[27m[0m [2msrc/app/viewer/[22m[1mviewer.service.spec.ts[22m
[32m[Nest] 37128  - [39m02/10/2026, 8:37:07 PM [32m    LOG[39m [38;5;3m[ViewerService] [39m[32mCutout cache miss (source=none, provider=primary, survey=CDS/P/DSS2/color, size=1024x1024).[39m
[32m[Nest] 37128  - [39m02/10/2026, 8:37:07 PM [32m    LOG[39m [38;5;3m[ViewerService] [39m[32mCutout cache miss (source=none, provider=primary, survey=CDS/VLASS, size=1024x1024).[39m
[32m[Nest] 37128  - [39m02/10/2026, 8:37:07 PM [32m    LOG[39m [38;5;3m[ViewerService] [39m[32mCutout cache miss (source=none, provider=primary, survey=CDS/VLASS, size=2048x2048).[39m
[32m[Nest] 37128  - [39m02/10/2026, 8:37:07 PM [32m    LOG[39m [38;5;3m[ViewerService] [39m[32mCutout cache miss (source=none, provider=primary, survey=CDS/VLASS, size=1024x1024).[39m
[32m[Nest] 37128  - [39m02/10/2026, 8:37:07 PM [32m    LOG[39m [38;5;3m[ViewerService] [39m[32mCutout cache miss (source=none, provider=secondary, survey=CDS/VLASS, size=1024x1024).[39m
[32m[Nest] 37128  - [39m02/10/2026, 8:37:07 PM [32m    LOG[39m [38;5;3m[ViewerService] [39m[32mNearby-label cache miss (source=none, limit=10, radius_deg=0.08).[39m
[0m[7m[1m[32m PASS [39m[22m[27m[0m [0m[7m[37m vlass-api [39m[27m[0m [2msrc/app/auth/strategies/[22m[1mjwt.strategy.spec.ts[22m
[0m[7m[1m[32m PASS [39m[22m[27m[0m [0m[7m[37m vlass-api [39m[27m[0m [2msrc/app/guards/[22m[1mrate-limit.guard.spec.ts[22m
[0m[7m[1m[32m PASS [39m[22m[27m[0m [0m[7m[37m vlass-api [39m[27m[0m [2msrc/app/config/[22m[1msecurity.config.spec.ts[22m

[1mTest Suites: [22m[1m[32m9 passed[39m[22m, 9 total
[1mTests:       [22m[1m[32m90 passed[39m[22m, 90 total
[1mSnapshots:   [22m0 total
[1mTime:[22m        [1m[33m2.212 s[39m[22m
[2mRan all test suites[22m[2m.[22m

> nx run shared-models:test  [existing outputs match the cache, left as is]

[2m> [22mvitest


[1m[46m RUN [49m[22m [36mv4.0.18 [39m[90mC:/repos/vlass-portal/libs/shared/models[39m

 [32m‚úì[39m [30m[42m shared-models [49m[39m src/lib/shared-models.spec.ts [2m([22m[2m1 test[22m[2m)[22m[32m 2[2mms[22m[39m

[2m Test Files [22m [1m[32m1 passed[39m[22m[90m (1)[39m
[2m      Tests [22m [1m[32m1 passed[39m[22m[90m (1)[39m
[2m   Start at [22m 20:37:04
[2m   Duration [22m 169ms[2m (transform 23ms, setup 0ms, import 30ms, tests 2ms, environment 0ms)[22m


> nx run vlass-web:test

[33m‚ùØ[39m Building...
[32m‚úî[39m Building...
[37mApplication bundle generation failed. [2.769 seconds] - 2026-02-11T02:37:46.628Z[39m
[37m[39m
[1m[31m[31mX [41;31m[[41;97mERROR[41;31m][0m [1mTS6133: 'Observable' is declared but its value is never read.[0m [1m[35m[plugin angular-compiler][0m[39m[22m
[1m[31m[39m[22m
[1m[31m    apps/vlass-web/src/app/features/auth/login/login.component.ts:6:9:[39m[22m
[1m[31m[37m      6 ‚îÇ import { [32mObservable[37m, interval, Subscription } from 'rxjs';[39m[22m
[1m[31m        ‚ïµ          [32m~~~~~~~~~~[0m[39m[22m
[1m[31m[39m[22m
[1m[31m[39m[22m
[1m[31m[31mX [41;31m[[41;97mERROR[41;31m][0m [1mTS6133: 'map' is declared but its value is never read.[0m [1m[35m[plugin angular-compiler][0m[39m[22m
[1m[31m[39m[22m
[1m[31m    apps/vlass-web/src/app/features/auth/login/login.component.ts:7:9:[39m[22m
[1m[31m[37m      7 ‚îÇ import { [32mmap[37m, startWith } from 'rxjs/operators';[39m[22m
[1m[31m        ‚ïµ          [32m~~~[0m[39m[22m
[1m[31m[39m[22m
[1m[31m[39m[22m



 NX   Running target test for 3 projects failed

Failed tasks:

- vlass-web:test

