
> NX {workspaceRoot}\jest.preset.js does not start with {workspaceRoot}/. This will throw an error in Nx 20.


 NX   Running targets lint, test for 5 projects:

- shared-models
- vlass-api-e2e
- vlass-web-e2e
- vlass-api
- vlass-web



> nx run vlass-api:test

> jest --passWithNoTests=true

[0m[7m[1m[32m PASS [39m[22m[27m[0m [0m[7m[37m vlass-api [39m[27m[0m [2msrc/app/config/[22m[1msecurity.config.spec.ts[22m
[0m[7m[1m[32m PASS [39m[22m[27m[0m [0m[7m[37m vlass-api [39m[27m[0m [2msrc/app/guards/[22m[1mrate-limit.guard.spec.ts[22m
[0m[7m[1m[32m PASS [39m[22m[27m[0m [0m[7m[37m vlass-api [39m[27m[0m [2msrc/app/ephemeris/[22m[1mephemeris.service.spec.ts[22m
[0m[7m[1m[32m PASS [39m[22m[27m[0m [0m[7m[37m vlass-api [39m[27m[0m [2msrc/app/ephemeris/[22m[1mephemeris.controller.spec.ts[22m
[0m[7m[1m[32m PASS [39m[22m[27m[0m [0m[7m[37m vlass-api [39m[27m[0m [2msrc/app/profile/[22m[1mprofile.service.spec.ts[22m
[0m[7m[1m[32m PASS [39m[22m[27m[0m [0m[7m[37m vlass-api [39m[27m[0m [2msrc/app/profile/[22m[1mprofile.controller.spec.ts[22m
[0m[7m[1m[32m PASS [39m[22m[27m[0m [0m[7m[37m vlass-api [39m[27m[0m [2msrc/app/auth/strategies/[22m[1mjwt.strategy.spec.ts[22m
[0m[7m[1m[32m PASS [39m[22m[27m[0m [0m[7m[37m vlass-api [39m[27m[0m [2msrc/app/viewer/[22m[1mviewer.controller.spec.ts[22m
[0m[7m[1m[32m PASS [39m[22m[27m[0m [0m[7m[37m vlass-api [39m[27m[0m [2msrc/app/viewer/[22m[1mviewer.service.spec.ts[22m
[0m[7m[1m[32m PASS [39m[22m[27m[0m [0m[7m[37m vlass-api [39m[27m[0m [2msrc/app/[22m[1mapp.service.spec.ts[22m
[0m[7m[1m[32m PASS [39m[22m[27m[0m [0m[7m[37m vlass-api [39m[27m[0m [2msrc/app/[22m[1mapp.controller.spec.ts[22m
[0m[7m[1m[32m PASS [39m[22m[27m[0m [0m[7m[37m vlass-api [39m[27m[0m [2msrc/app/auth/[22m[1mauth.service.spec.ts[22m
[0m[7m[1m[32m PASS [39m[22m[27m[0m [0m[7m[37m vlass-api [39m[27m[0m [2msrc/app/auth/[22m[1mauth.controller.spec.ts[22m
[32m[Nest] 37560  - [39m02/11/2026, 10:08:06 AM [32m    LOG[39m [38;5;3m[AppService] [39m[32mDatabase status: connected[39m
[32m[Nest] 37560  - [39m02/11/2026, 10:08:06 AM [32m    LOG[39m [38;5;3m[AppService] [39m[32mDatabase status: connected[39m
[32m[Nest] 35916  - [39m02/11/2026, 10:08:06 AM [32m    LOG[39m [38;5;3m[ViewerService] [39m[32mCutout cache miss (source=none, provider=primary, survey=CDS/P/DSS2/color, size=1024x1024).[39m
[32m[Nest] 35916  - [39m02/11/2026, 10:08:06 AM [32m    LOG[39m [38;5;3m[ViewerService] [39m[32mCutout cache miss (source=none, provider=primary, survey=CDS/VLASS, size=1024x1024).[39m
[32m[Nest] 35916  - [39m02/11/2026, 10:08:06 AM [32m    LOG[39m [38;5;3m[ViewerService] [39m[32mCutout cache miss (source=none, provider=primary, survey=CDS/VLASS, size=2048x2048).[39m
[32m[Nest] 35916  - [39m02/11/2026, 10:08:06 AM [32m    LOG[39m [38;5;3m[ViewerService] [39m[32mCutout cache miss (source=none, provider=primary, survey=CDS/VLASS, size=1024x1024).[39m
[32m[Nest] 35916  - [39m02/11/2026, 10:08:06 AM [32m    LOG[39m [38;5;3m[ViewerService] [39m[32mCutout cache miss (source=none, provider=secondary, survey=CDS/VLASS, size=1024x1024).[39m
[32m[Nest] 35916  - [39m02/11/2026, 10:08:06 AM [32m    LOG[39m [38;5;3m[ViewerService] [39m[32mNearby-label cache miss (source=none, limit=10, radius_deg=0.08).[39m

[1mTest Suites: [22m[1m[32m13 passed[39m[22m, 13 total
[1mTests:       [22m[1m[32m110 passed[39m[22m, 110 total
[1mSnapshots:   [22m0 total
[1mTime:[22m        2.468 s
[2mRan all test suites[22m[2m.[22m

> nx run vlass-api:lint  [existing outputs match the cache, left as is]

[2m> [22meslint .


> nx run vlass-web:lint


Linting "vlass-web"...
[0m[0m
[0m[4mC:\repos\vlass-portal\apps\vlass-web\src\app\features\posts\comments-api.service.ts[24m[0m
[0m  [2m63:92[22m  [33mwarning[39m  Unexpected any. Specify a different type  [2m@typescript-eslint/no-explicit-any[22m[0m
[0m  [2m64:27[22m  [33mwarning[39m  Unexpected any. Specify a different type  [2m@typescript-eslint/no-explicit-any[22m[0m
[0m  [2m87:75[22m  [33mwarning[39m  Unexpected any. Specify a different type  [2m@typescript-eslint/no-explicit-any[22m[0m
[0m  [2m88:28[22m  [33mwarning[39m  Unexpected any. Specify a different type  [2m@typescript-eslint/no-explicit-any[22m[0m
[0m[0m
[0m[33m[1m‚úñ 4 problems (0 errors, 4 warnings)[22m[39m[0m
[0m[33m[1m[22m[39m[0m
‚úñ 4 problems (0 errors, 4 warnings)


> nx run vlass-api-e2e:lint  [existing outputs match the cache, left as is]

[2m> [22meslint .


> nx run shared-models:lint  [existing outputs match the cache, left as is]

> eslint .


> nx run shared-models:test  [local cache]

> vitest


[1m[46m RUN [49m[22m [36mv4.0.18 [39m[90mC:/repos/vlass-portal/libs/shared/models[39m

 [32m‚úì[39m [30m[42m shared-models [49m[39m src/lib/shared-models.spec.ts [2m([22m[2m1 test[22m[2m)[22m[32m 2[2mms[22m[39m

[2m Test Files [22m [1m[32m1 passed[39m[22m[90m (1)[39m
[2m      Tests [22m [1m[32m1 passed[39m[22m[90m (1)[39m
[2m   Start at [22m 08:30:13
[2m   Duration [22m 166ms[2m (transform 24ms, setup 0ms, import 31ms, tests 2ms, environment 0ms)[22m


> nx run vlass-web-e2e:lint

> eslint .


> nx run vlass-web:test

[33m‚ùØ[39m Building...
[32m‚úî[39m Building...
[37mApplication bundle generation failed. [3.153 seconds] - 2026-02-11T16:08:09.749Z[39m
[37m[39m
[1m[31m[31mX [41;31m[[41;97mERROR[41;31m][0m [1mTS2307: Cannot find module './moderation' or its corresponding type declarations.[0m [1m[35m[plugin angular-compiler][0m[39m[22m
[1m[31m[39m[22m
[1m[31m    apps/vlass-web/src/app/features/moderation/moderation.component.spec.ts:3:27:[39m[22m
[1m[31m[37m      3 ‚îÇ import { Moderation } from [32m'./moderation'[37m;[39m[22m
[1m[31m        ‚ïµ                            [32m~~~~~~~~~~~~~~[0m[39m[22m
[1m[31m[39m[22m
[1m[31m[39m[22m
[1m[31m[31mX [41;31m[[41;97mERROR[41;31m][0m [1mCould not resolve "./moderation"[0m[39m[22m
[1m[31m[39m[22m
[1m[31m    apps/vlass-web/src/app/features/moderation/moderation.component.spec.ts:2:27:[39m[22m
[1m[31m[37m      2 ‚îÇ import { Moderation } from [32m'./moderation'[37m;[39m[22m
[1m[31m        ‚ïµ                            [32m~~~~~~~~~~~~~~[0m[39m[22m
[1m[31m[39m[22m
[1m[31m[39m[22m



 NX   Running targets lint, test for 5 projects failed

Failed tasks:

- vlass-web:test

